[0131/192534:ERROR:process_reader_win.cc(114)] NtOpenThread: {Access Denied} A process has requested access to an object, but has not been granted those access rights.  (0xc0000022)
[0131/192534:ERROR:exception_snapshot_win.cc(87)] thread ID 7184 not found in process
[0131/192534:WARNING:crash_report_exception_handler.cc(61)] ProcessSnapshotWin::Initialize failed
[0131/195244:ERROR:process_reader_win.cc(114)] NtOpenThread: {Access Denied} A process has requested access to an object, but has not been granted those access rights.  (0xc0000022)
[0131/195244:ERROR:exception_snapshot_win.cc(87)] thread ID 10856 not found in process
[0131/195244:WARNING:crash_report_exception_handler.cc(61)] ProcessSnapshotWin::Initialize failed
[0131/195649:ERROR:process_reader_win.cc(114)] NtOpenThread: {Access Denied} A process has requested access to an object, but has not been granted those access rights.  (0xc0000022)
[0131/195649:ERROR:exception_snapshot_win.cc(87)] thread ID 10220 not found in process
[0131/195649:WARNING:crash_report_exception_handler.cc(61)] ProcessSnapshotWin::Initialize failed
[0131/202347:ERROR:process_reader_win.cc(114)] NtOpenThread: {Access Denied} A process has requested access to an object, but has not been granted those access rights.  (0xc0000022)
[0131/202347:ERROR:exception_snapshot_win.cc(87)] thread ID 8420 not found in process
[0131/202347:WARNING:crash_report_exception_handler.cc(61)] ProcessSnapshotWin::Initialize failed
[0131/202347:ERROR:process_reader_win.cc(114)] NtOpenThread: {Access Denied} A process has requested access to an object, but has not been granted those access rights.  (0xc0000022)
[0131/202347:ERROR:exception_snapshot_win.cc(87)] thread ID 21676 not found in process
[0131/202347:WARNING:crash_report_exception_handler.cc(61)] ProcessSnapshotWin::Initialize failed
[0131/205358:ERROR:process_reader_win.cc(114)] NtOpenThread: {Access Denied} A process has requested access to an object, but has not been granted those access rights.  (0xc0000022)
[0131/205358:ERROR:exception_snapshot_win.cc(87)] thread ID 16652 not found in process
[0131/205358:WARNING:crash_report_exception_handler.cc(61)] ProcessSnapshotWin::Initialize failed
[0131/212418:ERROR:process_reader_win.cc(114)] NtOpenThread: {Access Denied} A process has requested access to an object, but has not been granted those access rights.  (0xc0000022)
[0131/212418:ERROR:exception_snapshot_win.cc(87)] thread ID 14216 not found in process
[0131/212418:WARNING:crash_report_exception_handler.cc(61)] ProcessSnapshotWin::Initialize failed
[0131/212603:ERROR:process_reader_win.cc(114)] NtOpenThread: {Access Denied} A process has requested access to an object, but has not been granted those access rights.  (0xc0000022)
[0131/212603:ERROR:exception_snapshot_win.cc(87)] thread ID 15004 not found in process
[0131/212603:WARNING:crash_report_exception_handler.cc(61)] ProcessSnapshotWin::Initialize failed
[0131/212608:ERROR:process_reader_win.cc(114)] NtOpenThread: {Access Denied} A process has requested access to an object, but has not been granted those access rights.  (0xc0000022)
[0131/212608:ERROR:exception_snapshot_win.cc(87)] thread ID 5720 not found in process
[0131/212608:WARNING:crash_report_exception_handler.cc(61)] ProcessSnapshotWin::Initialize failed
[0131/213115:ERROR:process_reader_win.cc(114)] NtOpenThread: {Access Denied} A process has requested access to an object, but has not been granted those access rights.  (0xc0000022)
[0131/213115:ERROR:exception_snapshot_win.cc(87)] thread ID 4072 not found in process
[0131/213115:WARNING:crash_report_exception_handler.cc(61)] ProcessSnapshotWin::Initialize failed
[0131/214343:ERROR:process_reader_win.cc(114)] NtOpenThread: {Access Denied} A process has requested access to an object, but has not been granted those access rights.  (0xc0000022)
[0131/214343:ERROR:exception_snapshot_win.cc(87)] thread ID 20056 not found in process
[0131/214343:WARNING:crash_report_exception_handler.cc(61)] ProcessSnapshotWin::Initialize failed
[0131/224054:ERROR:process_reader_win.cc(114)] NtOpenThread: {Access Denied} A process has requested access to an object, but has not been granted those access rights.  (0xc0000022)
[0131/224054:ERROR:exception_snapshot_win.cc(87)] thread ID 5472 not found in process
[0131/224054:WARNING:crash_report_exception_handler.cc(61)] ProcessSnapshotWin::Initialize failed
[0131/224152:ERROR:process_reader_win.cc(114)] NtOpenThread: {Access Denied} A process has requested access to an object, but has not been granted those access rights.  (0xc0000022)
[0131/224152:ERROR:exception_snapshot_win.cc(87)] thread ID 8696 not found in process
[0131/224152:WARNING:crash_report_exception_handler.cc(61)] ProcessSnapshotWin::Initialize failed
[0131/224313:ERROR:process_reader_win.cc(114)] NtOpenThread: {Access Denied} A process has requested access to an object, but has not been granted those access rights.  (0xc0000022)
[0131/224313:ERROR:exception_snapshot_win.cc(87)] thread ID 9616 not found in process
[0131/224313:WARNING:crash_report_exception_handler.cc(61)] ProcessSnapshotWin::Initialize failed
[0131/224556:ERROR:process_reader_win.cc(114)] NtOpenThread: {Access Denied} A process has requested access to an object, but has not been granted those access rights.  (0xc0000022)
[0131/224556:ERROR:exception_snapshot_win.cc(87)] thread ID 11324 not found in process
[0131/224556:WARNING:crash_report_exception_handler.cc(61)] ProcessSnapshotWin::Initialize failed
[0131/224841:ERROR:process_reader_win.cc(114)] NtOpenThread: {Access Denied} A process has requested access to an object, but has not been granted those access rights.  (0xc0000022)
[0131/224841:ERROR:exception_snapshot_win.cc(87)] thread ID 22828 not found in process
[0131/224841:WARNING:crash_report_exception_handler.cc(61)] ProcessSnapshotWin::Initialize failed
[0131/224841:ERROR:process_reader_win.cc(114)] NtOpenThread: {Access Denied} A process has requested access to an object, but has not been granted those access rights.  (0xc0000022)
[0131/224841:ERROR:exception_snapshot_win.cc(87)] thread ID 2352 not found in process
[0131/224841:WARNING:crash_report_exception_handler.cc(61)] ProcessSnapshotWin::Initialize failed
[0131/225237:ERROR:process_reader_win.cc(114)] NtOpenThread: {Access Denied} A process has requested access to an object, but has not been granted those access rights.  (0xc0000022)
[0131/225237:ERROR:exception_snapshot_win.cc(87)] thread ID 11480 not found in process
[0131/225237:WARNING:crash_report_exception_handler.cc(61)] ProcessSnapshotWin::Initialize failed
[0131/225332:ERROR:process_reader_win.cc(114)] NtOpenThread: {Access Denied} A process has requested access to an object, but has not been granted those access rights.  (0xc0000022)
[0131/225332:ERROR:exception_snapshot_win.cc(87)] thread ID 9928 not found in process
[0131/225332:WARNING:crash_report_exception_handler.cc(61)] ProcessSnapshotWin::Initialize failed
[0131/230040:ERROR:process_reader_win.cc(114)] NtOpenThread: {Access Denied} A process has requested access to an object, but has not been granted those access rights.  (0xc0000022)
[0131/230040:ERROR:exception_snapshot_win.cc(87)] thread ID 824 not found in process
[0131/230040:WARNING:crash_report_exception_handler.cc(61)] ProcessSnapshotWin::Initialize failed
[0131/230329:ERROR:process_reader_win.cc(114)] NtOpenThread: {Access Denied} A process has requested access to an object, but has not been granted those access rights.  (0xc0000022)
[0131/230329:ERROR:exception_snapshot_win.cc(87)] thread ID 10940 not found in process
[0131/230329:WARNING:crash_report_exception_handler.cc(61)] ProcessSnapshotWin::Initialize failed
[0131/230856:ERROR:process_reader_win.cc(114)] NtOpenThread: {Access Denied} A process has requested access to an object, but has not been granted those access rights.  (0xc0000022)
[0131/230856:ERROR:exception_snapshot_win.cc(87)] thread ID 23580 not found in process
[0131/230856:WARNING:crash_report_exception_handler.cc(61)] ProcessSnapshotWin::Initialize failed
[0131/235340:ERROR:process_reader_win.cc(114)] NtOpenThread: {Access Denied} A process has requested access to an object, but has not been granted those access rights.  (0xc0000022)
[0131/235340:ERROR:exception_snapshot_win.cc(87)] thread ID 18172 not found in process
[0131/235340:WARNING:crash_report_exception_handler.cc(61)] ProcessSnapshotWin::Initialize failed
[0131/235530:ERROR:process_reader_win.cc(114)] NtOpenThread: {Access Denied} A process has requested access to an object, but has not been granted those access rights.  (0xc0000022)
[0131/235530:ERROR:exception_snapshot_win.cc(87)] thread ID 14724 not found in process
[0131/235530:WARNING:crash_report_exception_handler.cc(61)] ProcessSnapshotWin::Initialize failed
[0131/235812:ERROR:process_reader_win.cc(114)] NtOpenThread: {Access Denied} A process has requested access to an object, but has not been granted those access rights.  (0xc0000022)
[0131/235812:ERROR:exception_snapshot_win.cc(87)] thread ID 6996 not found in process
[0131/235812:WARNING:crash_report_exception_handler.cc(61)] ProcessSnapshotWin::Initialize failed
[0201/000017:ERROR:process_reader_win.cc(114)] NtOpenThread: {Access Denied} A process has requested access to an object, but has not been granted those access rights.  (0xc0000022)
[0201/000017:ERROR:exception_snapshot_win.cc(87)] thread ID 580 not found in process
[0201/000017:WARNING:crash_report_exception_handler.cc(61)] ProcessSnapshotWin::Initialize failed
[0201/000919:ERROR:process_reader_win.cc(114)] NtOpenThread: {Access Denied} A process has requested access to an object, but has not been granted those access rights.  (0xc0000022)
[0201/000919:ERROR:exception_snapshot_win.cc(87)] thread ID 8872 not found in process
[0201/000919:WARNING:crash_report_exception_handler.cc(61)] ProcessSnapshotWin::Initialize failed
[0201/002056:ERROR:process_reader_win.cc(114)] NtOpenThread: {Access Denied} A process has requested access to an object, but has not been granted those access rights.  (0xc0000022)
[0201/002056:ERROR:exception_snapshot_win.cc(87)] thread ID 3968 not found in process
[0201/002056:WARNING:crash_report_exception_handler.cc(61)] ProcessSnapshotWin::Initialize failed
[0201/003627:ERROR:process_reader_win.cc(114)] NtOpenThread: {Access Denied} A process has requested access to an object, but has not been granted those access rights.  (0xc0000022)
[0201/003627:ERROR:exception_snapshot_win.cc(87)] thread ID 11144 not found in process
[0201/003627:WARNING:crash_report_exception_handler.cc(61)] ProcessSnapshotWin::Initialize failed
[0201/003856:ERROR:process_reader_win.cc(114)] NtOpenThread: {Access Denied} A process has requested access to an object, but has not been granted those access rights.  (0xc0000022)
[0201/003856:ERROR:exception_snapshot_win.cc(87)] thread ID 11108 not found in process
[0201/003856:WARNING:crash_report_exception_handler.cc(61)] ProcessSnapshotWin::Initialize failed
[0201/004226:ERROR:process_reader_win.cc(114)] NtOpenThread: {Access Denied} A process has requested access to an object, but has not been granted those access rights.  (0xc0000022)
[0201/004226:ERROR:exception_snapshot_win.cc(87)] thread ID 23588 not found in process
[0201/004226:WARNING:crash_report_exception_handler.cc(61)] ProcessSnapshotWin::Initialize failed
[0201/004612:ERROR:process_reader_win.cc(114)] NtOpenThread: {Access Denied} A process has requested access to an object, but has not been granted those access rights.  (0xc0000022)
[0201/004612:ERROR:exception_snapshot_win.cc(87)] thread ID 17124 not found in process
[0201/004612:WARNING:crash_report_exception_handler.cc(61)] ProcessSnapshotWin::Initialize failed
[0201/004852:ERROR:process_reader_win.cc(114)] NtOpenThread: {Access Denied} A process has requested access to an object, but has not been granted those access rights.  (0xc0000022)
[0201/004852:ERROR:exception_snapshot_win.cc(87)] thread ID 3120 not found in process
[0201/004852:WARNING:crash_report_exception_handler.cc(61)] ProcessSnapshotWin::Initialize failed
[0201/005135:ERROR:process_reader_win.cc(114)] NtOpenThread: {Access Denied} A process has requested access to an object, but has not been granted those access rights.  (0xc0000022)
[0201/005135:ERROR:exception_snapshot_win.cc(87)] thread ID 13896 not found in process
[0201/005135:WARNING:crash_report_exception_handler.cc(61)] ProcessSnapshotWin::Initialize failed
[0201/005354:ERROR:process_reader_win.cc(114)] NtOpenThread: {Access Denied} A process has requested access to an object, but has not been granted those access rights.  (0xc0000022)
[0201/005354:ERROR:exception_snapshot_win.cc(87)] thread ID 14208 not found in process
[0201/005354:WARNING:crash_report_exception_handler.cc(61)] ProcessSnapshotWin::Initialize failed
[0204/153825:ERROR:process_reader_win.cc(114)] NtOpenThread: {Access Denied} A process has requested access to an object, but has not been granted those access rights.  (0xc0000022)
[0204/153825:ERROR:exception_snapshot_win.cc(87)] thread ID 10920 not found in process
[0204/153825:WARNING:crash_report_exception_handler.cc(61)] ProcessSnapshotWin::Initialize failed
[0204/153825:ERROR:process_reader_win.cc(114)] NtOpenThread: {Access Denied} A process has requested access to an object, but has not been granted those access rights.  (0xc0000022)
[0204/153825:ERROR:exception_snapshot_win.cc(87)] thread ID 5824 not found in process
[0204/153825:WARNING:crash_report_exception_handler.cc(61)] ProcessSnapshotWin::Initialize failed
[0204/153826:ERROR:process_reader_win.cc(114)] NtOpenThread: {Access Denied} A process has requested access to an object, but has not been granted those access rights.  (0xc0000022)
[0204/153826:ERROR:exception_snapshot_win.cc(87)] thread ID 6352 not found in process
[0204/153826:WARNING:crash_report_exception_handler.cc(61)] ProcessSnapshotWin::Initialize failed
[0204/154624:ERROR:process_reader_win.cc(114)] NtOpenThread: {Access Denied} A process has requested access to an object, but has not been granted those access rights.  (0xc0000022)
[0204/154624:ERROR:exception_snapshot_win.cc(87)] thread ID 9616 not found in process
[0204/154624:WARNING:crash_report_exception_handler.cc(61)] ProcessSnapshotWin::Initialize failed
[0204/154856:ERROR:process_reader_win.cc(114)] NtOpenThread: {Access Denied} A process has requested access to an object, but has not been granted those access rights.  (0xc0000022)
[0204/154856:ERROR:exception_snapshot_win.cc(87)] thread ID 14604 not found in process
[0204/154856:WARNING:crash_report_exception_handler.cc(61)] ProcessSnapshotWin::Initialize failed
[0416/161436.382:ERROR:process_reader_win.cc(114)] NtOpenThread: {Access Denied} A process has requested access to an object, but has not been granted those access rights.  (0xc0000022)
[0416/161436.385:ERROR:exception_snapshot_win.cc(87)] thread ID 20624 not found in process
[0416/161436.385:WARNING:crash_report_exception_handler.cc(60)] ProcessSnapshotWin::Initialize failed
[0416/162801.891:ERROR:process_reader_win.cc(114)] NtOpenThread: {Access Denied} A process has requested access to an object, but has not been granted those access rights.  (0xc0000022)
[0416/162801.894:ERROR:exception_snapshot_win.cc(87)] thread ID 10740 not found in process
[0416/162801.894:WARNING:crash_report_exception_handler.cc(60)] ProcessSnapshotWin::Initialize failed
[0417/150439.240:ERROR:process_reader_win.cc(114)] NtOpenThread: {Access Denied} A process has requested access to an object, but has not been granted those access rights.  (0xc0000022)
[0417/150439.243:ERROR:exception_snapshot_win.cc(87)] thread ID 9048 not found in process
[0417/150439.243:WARNING:crash_report_exception_handler.cc(60)] ProcessSnapshotWin::Initialize failed
[0417/150440.101:ERROR:process_reader_win.cc(114)] NtOpenThread: {Access Denied} A process has requested access to an object, but has not been granted those access rights.  (0xc0000022)
[0417/150440.103:ERROR:exception_snapshot_win.cc(87)] thread ID 2988 not found in process
[0417/150440.103:WARNING:crash_report_exception_handler.cc(60)] ProcessSnapshotWin::Initialize failed
[0417/153920.220:ERROR:process_reader_win.cc(114)] NtOpenThread: {Access Denied} A process has requested access to an object, but has not been granted those access rights.  (0xc0000022)
[0417/153920.222:ERROR:exception_snapshot_win.cc(87)] thread ID 3164 not found in process
[0417/153920.222:WARNING:crash_report_exception_handler.cc(60)] ProcessSnapshotWin::Initialize failed
[0417/161514.104:ERROR:process_reader_win.cc(114)] NtOpenThread: {Access Denied} A process has requested access to an object, but has not been granted those access rights.  (0xc0000022)
[0417/161514.106:ERROR:exception_snapshot_win.cc(87)] thread ID 26500 not found in process
[0417/161514.106:WARNING:crash_report_exception_handler.cc(60)] ProcessSnapshotWin::Initialize failed
[0417/174926.105:ERROR:process_reader_win.cc(114)] NtOpenThread: {Access Denied} A process has requested access to an object, but has not been granted those access rights.  (0xc0000022)
[0417/174926.107:ERROR:exception_snapshot_win.cc(87)] thread ID 1960 not found in process
[0417/174926.107:WARNING:crash_report_exception_handler.cc(60)] ProcessSnapshotWin::Initialize failed
[0417/191840.525:ERROR:process_reader_win.cc(114)] NtOpenThread: {Access Denied} A process has requested access to an object, but has not been granted those access rights.  (0xc0000022)
[0417/191840.527:ERROR:exception_snapshot_win.cc(87)] thread ID 20960 not found in process
[0417/191840.527:WARNING:crash_report_exception_handler.cc(60)] ProcessSnapshotWin::Initialize failed
[0417/194721.284:ERROR:process_reader_win.cc(114)] NtOpenThread: {Access Denied} A process has requested access to an object, but has not been granted those access rights.  (0xc0000022)
[0417/194721.285:ERROR:exception_snapshot_win.cc(87)] thread ID 17024 not found in process
[0417/194721.285:WARNING:crash_report_exception_handler.cc(60)] ProcessSnapshotWin::Initialize failed
[0423/113330.329:ERROR:process_reader_win.cc(114)] NtOpenThread: {Access Denied} A process has requested access to an object, but has not been granted those access rights.  (0xc0000022)
[0423/113330.332:ERROR:exception_snapshot_win.cc(87)] thread ID 28180 not found in process
[0423/113330.332:WARNING:crash_report_exception_handler.cc(60)] ProcessSnapshotWin::Initialize failed
